INFO 2016-03-20 17:11:50,939 signals: Group added: БЕ-22 None (ID: 1)
INFO 2016-03-20 17:12:14,569 signals: Student added: Nazariy Voloshyn (ID: 1)
INFO 2016-03-30 12:43:41,960 signals: Student added: Назарий Волошин (ID: 2)
INFO 2016-03-30 18:13:18,222 signals: Student added: Волошин Назарій (ID: 3)
INFO 2016-03-30 18:13:36,340 signals: Student added: Волошин Назарій (ID: 4)
INFO 2016-03-30 18:13:53,898 signals: Student added: Назарий Волошин (ID: 5)
INFO 2016-03-30 18:14:09,674 signals: Student added: Назарий Волошин (ID: 6)
INFO 2016-03-31 12:36:26,293 signals: Group added: Group1 None (ID: 1)
INFO 2016-03-31 13:30:38,124 signals: Group added: MtM-1 None (ID: 1)
INFO 2016-03-31 13:30:38,134 signals: Group added: MtM-2 None (ID: 2)
INFO 2016-03-31 13:30:38,150 signals: Student added: Vitaliy Podoba (ID: 1)
INFO 2016-03-31 13:30:38,171 signals: Student added: John Dobson (ID: 2)
INFO 2016-03-31 13:30:38,192 signals: Student added: Sam Stefenson (ID: 3)
INFO 2016-03-31 13:30:38,213 signals: Student added: Arnold Kidney (ID: 4)
INFO 2016-03-31 13:32:46,366 signals: Group added: MtM-1 None (ID: 1)
INFO 2016-03-31 13:32:46,374 signals: Group added: MtM-2 None (ID: 2)
INFO 2016-03-31 13:32:46,388 signals: Student added: Vitaliy Podoba (ID: 1)
INFO 2016-03-31 13:32:46,400 signals: Student added: John Dobson (ID: 2)
INFO 2016-03-31 13:32:46,412 signals: Student added: Sam Stefenson (ID: 3)
INFO 2016-03-31 13:32:46,424 signals: Student added: Arnold Kidney (ID: 4)
INFO 2016-03-31 13:34:16,041 signals: Group added: MtM-1 None (ID: 1)
INFO 2016-03-31 13:34:16,050 signals: Group added: MtM-2 None (ID: 2)
INFO 2016-03-31 13:34:16,064 signals: Student added: Vitaliy Podoba (ID: 1)
INFO 2016-03-31 13:34:16,077 signals: Student added: John Dobson (ID: 2)
INFO 2016-03-31 13:34:16,089 signals: Student added: Sam Stefenson (ID: 3)
INFO 2016-03-31 13:34:16,101 signals: Student added: Arnold Kidney (ID: 4)
INFO 2016-03-31 13:35:12,390 signals: Group added: MtM-1 None (ID: 1)
INFO 2016-03-31 13:35:12,399 signals: Group added: MtM-2 None (ID: 2)
INFO 2016-03-31 13:35:12,414 signals: Student added: Vitaliy Podoba (ID: 1)
INFO 2016-03-31 13:35:12,427 signals: Student added: John Dobson (ID: 2)
INFO 2016-03-31 13:35:12,441 signals: Student added: Sam Stefenson (ID: 3)
INFO 2016-03-31 13:35:12,455 signals: Student added: Arnold Kidney (ID: 4)
INFO 2016-03-31 14:05:56,053 signals: Group added: MtM-1 None (ID: 1)
INFO 2016-03-31 14:05:56,063 signals: Group added: MtM-2 None (ID: 2)
INFO 2016-03-31 14:05:56,080 signals: Student added: Vitaliy Podoba (ID: 1)
INFO 2016-03-31 14:05:56,099 signals: Student added: John Dobson (ID: 2)
INFO 2016-03-31 14:05:56,113 signals: Student added: Sam Stefenson (ID: 3)
INFO 2016-03-31 14:05:56,125 signals: Student added: Arnold Kidney (ID: 4)
INFO 2016-03-31 14:05:57,582 signals: Group added: MtM-1 None (ID: 3)
INFO 2016-03-31 14:05:57,590 signals: Group added: MtM-2 None (ID: 4)
INFO 2016-03-31 14:05:57,605 signals: Student added: Vitaliy Podoba (ID: 5)
INFO 2016-03-31 14:05:57,622 signals: Student added: John Dobson (ID: 6)
INFO 2016-03-31 14:05:57,636 signals: Student added: Sam Stefenson (ID: 7)
INFO 2016-03-31 14:05:57,648 signals: Student added: Arnold Kidney (ID: 8)
INFO 2016-03-31 14:07:12,374 signals: Group added: MtM-1 None (ID: 1)
INFO 2016-03-31 14:07:12,385 signals: Group added: MtM-2 None (ID: 2)
INFO 2016-03-31 14:07:12,412 signals: Student added: Vitaliy Podoba (ID: 1)
INFO 2016-03-31 14:07:12,425 signals: Student added: John Dobson (ID: 2)
INFO 2016-03-31 14:07:12,439 signals: Student added: Sam Stefenson (ID: 3)
INFO 2016-03-31 14:07:12,457 signals: Student added: Arnold Kidney (ID: 4)
INFO 2016-03-31 14:07:13,009 signals: Group added: MtM-1 None (ID: 3)
INFO 2016-03-31 14:07:13,025 signals: Group added: MtM-2 None (ID: 4)
INFO 2016-03-31 14:07:13,053 signals: Student added: Vitaliy Podoba (ID: 5)
INFO 2016-03-31 14:07:13,079 signals: Student added: John Dobson (ID: 6)
INFO 2016-03-31 14:07:13,104 signals: Student added: Sam Stefenson (ID: 7)
INFO 2016-03-31 14:07:13,126 signals: Student added: Arnold Kidney (ID: 8)
INFO 2016-03-31 14:08:02,823 signals: Group added: MtM-1 None (ID: 1)
INFO 2016-03-31 14:08:02,832 signals: Group added: MtM-2 None (ID: 2)
INFO 2016-03-31 14:08:02,850 signals: Student added: Vitaliy Podoba (ID: 1)
INFO 2016-03-31 14:08:02,866 signals: Student added: John Dobson (ID: 2)
INFO 2016-03-31 14:08:02,880 signals: Student added: Sam Stefenson (ID: 3)
INFO 2016-03-31 14:08:02,896 signals: Student added: Arnold Kidney (ID: 4)
INFO 2016-03-31 14:11:02,249 signals: Group added: MtM-1 None (ID: 1)
INFO 2016-03-31 14:11:02,259 signals: Group added: MtM-2 None (ID: 2)
INFO 2016-03-31 14:11:02,276 signals: Student added: Vitaliy Podoba (ID: 1)
INFO 2016-03-31 14:11:02,292 signals: Student added: John Dobson (ID: 2)
INFO 2016-03-31 14:11:02,305 signals: Student added: Sam Stefenson (ID: 3)
INFO 2016-03-31 14:11:02,319 signals: Student added: Arnold Kidney (ID: 4)
INFO 2016-03-31 14:15:52,110 signals: Group added: MtM-1 None (ID: 1)
INFO 2016-03-31 14:15:52,120 signals: Group added: MtM-2 None (ID: 2)
INFO 2016-03-31 14:15:52,137 signals: Student added: Vitaliy Podoba (ID: 1)
INFO 2016-03-31 14:15:52,158 signals: Student added: John Dobson (ID: 2)
INFO 2016-03-31 14:15:52,174 signals: Student added: Sam Stefenson (ID: 3)
INFO 2016-03-31 14:15:52,188 signals: Student added: Arnold Kidney (ID: 4)
INFO 2016-03-31 14:16:38,641 signals: Group added: MtM-1 None (ID: 1)
INFO 2016-03-31 14:16:38,659 signals: Group added: MtM-2 None (ID: 2)
INFO 2016-03-31 14:16:38,681 signals: Student added: Vitaliy Podoba (ID: 1)
INFO 2016-03-31 14:16:38,702 signals: Student added: John Dobson (ID: 2)
INFO 2016-03-31 14:16:38,723 signals: Student added: Sam Stefenson (ID: 3)
INFO 2016-03-31 14:16:38,742 signals: Student added: Arnold Kidney (ID: 4)
INFO 2016-03-31 14:21:52,839 signals: Group added: MtM-1 None (ID: 1)
INFO 2016-03-31 14:21:52,849 signals: Group added: MtM-2 None (ID: 2)
INFO 2016-03-31 14:21:52,874 signals: Student added: Vitaliy Podoba (ID: 1)
INFO 2016-03-31 14:21:52,888 signals: Student added: John Dobson (ID: 2)
INFO 2016-03-31 14:21:52,901 signals: Student added: Sam Stefenson (ID: 3)
INFO 2016-03-31 14:21:52,920 signals: Student added: Arnold Kidney (ID: 4)
INFO 2016-03-31 14:23:36,321 signals: Group added: MtM-1 None (ID: 1)
INFO 2016-03-31 14:23:36,329 signals: Group added: MtM-2 None (ID: 2)
INFO 2016-03-31 14:23:36,343 signals: Student added: Vitaliy Podoba (ID: 1)
INFO 2016-03-31 14:23:36,359 signals: Student added: John Dobson (ID: 2)
INFO 2016-03-31 14:23:36,371 signals: Student added: Sam Stefenson (ID: 3)
INFO 2016-03-31 14:23:36,384 signals: Student added: Arnold Kidney (ID: 4)
INFO 2016-03-31 14:25:09,524 signals: Group added: MtM-1 None (ID: 1)
INFO 2016-03-31 14:25:09,535 signals: Group added: MtM-2 None (ID: 2)
INFO 2016-03-31 14:25:09,552 signals: Student added: Vitaliy Podoba (ID: 1)
INFO 2016-03-31 14:25:09,566 signals: Student added: John Dobson (ID: 2)
INFO 2016-03-31 14:25:09,583 signals: Student added: Sam Stefenson (ID: 3)
INFO 2016-03-31 14:25:09,595 signals: Student added: Arnold Kidney (ID: 4)
INFO 2016-03-31 14:26:24,554 signals: Group added: MtM-1 None (ID: 1)
INFO 2016-03-31 14:26:24,565 signals: Group added: MtM-2 None (ID: 2)
INFO 2016-03-31 14:26:24,578 signals: Student added: Vitaliy Podoba (ID: 1)
INFO 2016-03-31 14:26:24,594 signals: Student added: John Dobson (ID: 2)
INFO 2016-03-31 14:26:24,609 signals: Student added: Sam Stefenson (ID: 3)
INFO 2016-03-31 14:26:24,622 signals: Student added: Arnold Kidney (ID: 4)
INFO 2016-03-31 14:27:41,070 signals: Group added: MtM-1 None (ID: 1)
INFO 2016-03-31 14:27:41,079 signals: Group added: MtM-2 None (ID: 2)
INFO 2016-03-31 14:27:41,097 signals: Student added: Vitaliy Podoba (ID: 1)
INFO 2016-03-31 14:27:41,110 signals: Student added: John Dobson (ID: 2)
INFO 2016-03-31 14:27:41,125 signals: Student added: Sam Stefenson (ID: 3)
INFO 2016-03-31 14:27:41,137 signals: Student added: Arnold Kidney (ID: 4)
INFO 2016-03-31 14:28:22,784 signals: Group added: MtM-1 None (ID: 1)
INFO 2016-03-31 14:28:22,792 signals: Group added: MtM-2 None (ID: 2)
INFO 2016-03-31 14:28:22,807 signals: Student added: Vitaliy Podoba (ID: 1)
INFO 2016-03-31 14:28:22,821 signals: Student added: John Dobson (ID: 2)
INFO 2016-03-31 14:28:22,836 signals: Student added: Sam Stefenson (ID: 3)
INFO 2016-03-31 14:28:22,849 signals: Student added: Arnold Kidney (ID: 4)
INFO 2016-03-31 14:29:28,360 signals: Group added: MtM-1 None (ID: 1)
INFO 2016-03-31 14:29:28,369 signals: Group added: MtM-2 None (ID: 2)
INFO 2016-03-31 14:29:28,388 signals: Student added: Vitaliy Podoba (ID: 1)
INFO 2016-03-31 14:29:28,406 signals: Student added: John Dobson (ID: 2)
INFO 2016-03-31 14:29:28,418 signals: Student added: Sam Stefenson (ID: 3)
INFO 2016-03-31 14:29:28,433 signals: Student added: Arnold Kidney (ID: 4)
INFO 2016-03-31 14:30:37,391 signals: Group added: MtM-1 None (ID: 1)
INFO 2016-03-31 14:30:37,400 signals: Group added: MtM-2 None (ID: 2)
INFO 2016-03-31 14:30:37,413 signals: Student added: Віталій Podoba (ID: 1)
INFO 2016-03-31 14:30:37,425 signals: Student added: John Dobson (ID: 2)
INFO 2016-03-31 14:30:37,441 signals: Student added: Sam Stefenson (ID: 3)
INFO 2016-03-31 14:30:37,455 signals: Student added: Arnold Kidney (ID: 4)
INFO 2016-03-31 14:32:04,154 signals: Group added: MtM-1 None (ID: 1)
INFO 2016-03-31 14:32:04,163 signals: Group added: MtM-2 None (ID: 2)
INFO 2016-03-31 14:32:04,179 signals: Student added: Vitaliy Podoba (ID: 1)
INFO 2016-03-31 14:32:04,201 signals: Student added: John Dobson (ID: 2)
INFO 2016-03-31 14:32:04,215 signals: Student added: Sam Stefenson (ID: 3)
INFO 2016-03-31 14:32:04,227 signals: Student added: Arnold Kidney (ID: 4)
INFO 2016-03-31 14:33:51,047 signals: Group added: MtM-1 None (ID: 1)
INFO 2016-03-31 14:33:51,056 signals: Group added: MtM-2 None (ID: 2)
INFO 2016-03-31 14:33:51,075 signals: Student added: Vitaliy Podoba (ID: 1)
INFO 2016-03-31 14:33:51,088 signals: Student added: John Dobson (ID: 2)
INFO 2016-03-31 14:33:51,102 signals: Student added: Sam Stefenson (ID: 3)
INFO 2016-03-31 14:33:51,114 signals: Student added: Arnold Kidney (ID: 4)
INFO 2016-03-31 14:37:07,173 signals: Group added: MtM-1 None (ID: 1)
INFO 2016-03-31 14:37:07,181 signals: Group added: MtM-2 None (ID: 2)
INFO 2016-03-31 14:37:07,200 signals: Student added: Vitaliy Podoba (ID: 1)
INFO 2016-03-31 14:37:07,212 signals: Student added: John Dobson (ID: 2)
INFO 2016-03-31 14:37:07,225 signals: Student added: Sam Stefenson (ID: 3)
INFO 2016-03-31 14:37:07,238 signals: Student added: Arnold Kidney (ID: 4)
INFO 2016-03-31 14:39:07,052 signals: Group added: MtM-1 None (ID: 1)
INFO 2016-03-31 14:39:07,061 signals: Group added: MtM-2 None (ID: 2)
INFO 2016-03-31 14:39:07,082 signals: Student added: Vitaliy Podoba (ID: 1)
INFO 2016-03-31 14:39:07,104 signals: Student added: John Dobson (ID: 2)
INFO 2016-03-31 14:39:07,120 signals: Student added: Sam Stefenson (ID: 3)
INFO 2016-03-31 14:39:07,133 signals: Student added: Arnold Kidney (ID: 4)
INFO 2016-03-31 14:42:14,642 signals: Group added: MtM-1 None (ID: 1)
INFO 2016-03-31 14:42:14,651 signals: Group added: MtM-2 None (ID: 2)
INFO 2016-03-31 14:42:14,668 signals: Student added: Vitaliy Podoba (ID: 1)
INFO 2016-03-31 14:42:14,682 signals: Student added: John Dobson (ID: 2)
INFO 2016-03-31 14:42:14,697 signals: Student added: Sam Stefenson (ID: 3)
INFO 2016-03-31 14:42:14,713 signals: Student added: Arnold Kidney (ID: 4)
INFO 2016-03-31 14:42:56,073 signals: Group added: MtM-1 None (ID: 1)
INFO 2016-03-31 14:42:56,082 signals: Group added: MtM-2 None (ID: 2)
INFO 2016-03-31 14:42:56,097 signals: Student added: Vitaliy Podoba (ID: 1)
INFO 2016-03-31 14:42:56,114 signals: Student added: John Dobson (ID: 2)
INFO 2016-03-31 14:42:56,128 signals: Student added: Sam Stefenson (ID: 3)
INFO 2016-03-31 14:42:56,139 signals: Student added: Arnold Kidney (ID: 4)
INFO 2016-03-31 14:46:43,928 signals: Group added: MtM-1 None (ID: 1)
INFO 2016-03-31 14:46:43,938 signals: Group added: MtM-2 None (ID: 2)
INFO 2016-03-31 14:46:43,954 signals: Student added: Vitaliy Podoba (ID: 1)
INFO 2016-03-31 14:46:43,967 signals: Student added: John Dobson (ID: 2)
INFO 2016-03-31 14:46:43,982 signals: Student added: Sam Stefenson (ID: 3)
INFO 2016-03-31 14:46:43,996 signals: Student added: Arnold Kidney (ID: 4)
INFO 2016-03-31 14:47:35,613 signals: Group added: MtM-1 None (ID: 1)
INFO 2016-03-31 14:47:35,623 signals: Group added: MtM-2 None (ID: 2)
INFO 2016-03-31 14:47:35,639 signals: Student added: Vitaliy Podoba (ID: 1)
INFO 2016-03-31 14:47:35,653 signals: Student added: John Dobson (ID: 2)
INFO 2016-03-31 14:47:35,668 signals: Student added: Sam Stefenson (ID: 3)
INFO 2016-03-31 14:47:35,684 signals: Student added: Arnold Kidney (ID: 4)
INFO 2016-03-31 15:34:01,093 signals: Group added: MtM-1 None (ID: 1)
INFO 2016-03-31 15:34:01,119 signals: Group added: MtM-2 None (ID: 2)
INFO 2016-03-31 15:34:01,136 signals: Student added: Vitaliy Podoba (ID: 1)
INFO 2016-03-31 15:34:01,148 signals: Student added: John Dobson (ID: 2)
INFO 2016-03-31 15:34:01,161 signals: Student added: Sam Stefenson (ID: 3)
INFO 2016-03-31 15:34:01,178 signals: Student added: Arnold Kidney (ID: 4)
INFO 2016-03-31 15:37:15,037 signals: Group added: MtM-1 None (ID: 1)
INFO 2016-03-31 15:37:15,047 signals: Group added: MtM-2 None (ID: 2)
INFO 2016-03-31 15:37:15,064 signals: Student added: Vitaliy Podoba (ID: 1)
INFO 2016-03-31 15:37:15,076 signals: Student added: John Dobson (ID: 2)
INFO 2016-03-31 15:37:15,089 signals: Student added: Sam Stefenson (ID: 3)
INFO 2016-03-31 15:37:15,101 signals: Student added: Arnold Kidney (ID: 4)
INFO 2016-03-31 15:38:07,862 signals: Group added: MtM-1 None (ID: 1)
INFO 2016-03-31 15:38:07,872 signals: Group added: MtM-2 None (ID: 2)
INFO 2016-03-31 15:38:07,886 signals: Student added: Vitaliy Podoba (ID: 1)
INFO 2016-03-31 15:38:07,900 signals: Student added: John Dobson (ID: 2)
INFO 2016-03-31 15:38:07,914 signals: Student added: Sam Stefenson (ID: 3)
INFO 2016-03-31 15:38:07,927 signals: Student added: Arnold Kidney (ID: 4)
INFO 2016-03-31 15:40:10,753 signals: Group added: MtM-1 None (ID: 1)
INFO 2016-03-31 15:40:10,763 signals: Group added: MtM-2 None (ID: 2)
INFO 2016-03-31 15:40:10,781 signals: Student added: Vitaliy Podoba (ID: 1)
INFO 2016-03-31 15:40:10,797 signals: Student added: John Dobson (ID: 2)
INFO 2016-03-31 15:40:10,811 signals: Student added: Sam Stefenson (ID: 3)
INFO 2016-03-31 15:40:10,828 signals: Student added: Arnold Kidney (ID: 4)
INFO 2016-03-31 15:41:49,367 signals: Group added: MtM-1 None (ID: 1)
INFO 2016-03-31 15:41:49,377 signals: Group added: MtM-2 None (ID: 2)
INFO 2016-03-31 15:41:49,395 signals: Student added: Vitaliy Podoba (ID: 1)
INFO 2016-03-31 15:41:49,411 signals: Student added: John Dobson (ID: 2)
INFO 2016-03-31 15:41:49,425 signals: Student added: Sam Stefenson (ID: 3)
INFO 2016-03-31 15:41:49,437 signals: Student added: Arnold Kidney (ID: 4)
INFO 2016-03-31 15:42:46,859 signals: Group added: MtM-1 None (ID: 1)
INFO 2016-03-31 15:42:46,869 signals: Group added: MtM-2 None (ID: 2)
INFO 2016-03-31 15:42:46,896 signals: Student added: Vitaliy Podoba (ID: 1)
INFO 2016-03-31 15:42:46,909 signals: Student added: John Dobson (ID: 2)
INFO 2016-03-31 15:42:46,922 signals: Student added: Sam Stefenson (ID: 3)
INFO 2016-03-31 15:42:46,935 signals: Student added: Arnold Kidney (ID: 4)
INFO 2016-03-31 15:43:43,247 signals: Group added: MtM-1 None (ID: 1)
INFO 2016-03-31 15:43:43,256 signals: Group added: MtM-2 None (ID: 2)
INFO 2016-03-31 15:43:43,273 signals: Student added: Vitaliy Podoba (ID: 1)
INFO 2016-03-31 15:43:43,287 signals: Student added: John Dobson (ID: 2)
INFO 2016-03-31 15:43:43,301 signals: Student added: Sam Stefenson (ID: 3)
INFO 2016-03-31 15:43:43,314 signals: Student added: Arnold Kidney (ID: 4)
INFO 2016-03-31 15:46:22,511 signals: Group added: MtM-1 None (ID: 1)
INFO 2016-03-31 15:46:22,520 signals: Group added: MtM-2 None (ID: 2)
INFO 2016-03-31 15:46:22,533 signals: Student added: Vitaliy Podoba (ID: 1)
INFO 2016-03-31 15:46:22,549 signals: Student added: John Dobson (ID: 2)
INFO 2016-03-31 15:46:22,561 signals: Student added: Sam Stefenson (ID: 3)
INFO 2016-03-31 15:46:22,575 signals: Student added: Arnold Kidney (ID: 4)
INFO 2016-03-31 15:49:52,461 signals: Group added: MtM-1 None (ID: 1)
INFO 2016-03-31 15:49:52,470 signals: Group added: MtM-2 None (ID: 2)
INFO 2016-03-31 15:49:52,486 signals: Student added: Vitaliy Podoba (ID: 1)
INFO 2016-03-31 15:49:52,500 signals: Student added: John Dobson (ID: 2)
INFO 2016-03-31 15:49:52,514 signals: Student added: Sam Stefenson (ID: 3)
INFO 2016-03-31 15:49:52,528 signals: Student added: Arnold Kidney (ID: 4)
INFO 2016-03-31 15:50:44,185 signals: Group added: MtM-1 None (ID: 1)
INFO 2016-03-31 15:50:44,193 signals: Group added: MtM-2 None (ID: 2)
INFO 2016-03-31 15:50:44,208 signals: Student added: Vitaliy Podoba (ID: 1)
INFO 2016-03-31 15:50:44,229 signals: Student added: John Dobson (ID: 2)
INFO 2016-03-31 15:50:44,242 signals: Student added: Sam Stefenson (ID: 3)
INFO 2016-03-31 15:50:44,259 signals: Student added: Arnold Kidney (ID: 4)
INFO 2016-03-31 15:51:32,570 signals: Group added: MtM-1 None (ID: 1)
INFO 2016-03-31 15:51:32,580 signals: Group added: MtM-2 None (ID: 2)
INFO 2016-03-31 15:51:32,595 signals: Student added: Vitaliy Podoba (ID: 1)
INFO 2016-03-31 15:51:32,611 signals: Student added: John Dobson (ID: 2)
INFO 2016-03-31 15:51:32,625 signals: Student added: Sam Stefenson (ID: 3)
INFO 2016-03-31 15:51:32,640 signals: Student added: Arnold Kidney (ID: 4)
INFO 2016-03-31 15:52:49,870 signals: Group added: MtM-1 None (ID: 1)
INFO 2016-03-31 15:52:49,879 signals: Group added: MtM-2 None (ID: 2)
INFO 2016-03-31 15:52:49,893 signals: Student added: Vitaliy Podoba (ID: 1)
INFO 2016-03-31 15:52:49,908 signals: Student added: John Dobson (ID: 2)
INFO 2016-03-31 15:52:49,922 signals: Student added: Sam Stefenson (ID: 3)
INFO 2016-03-31 15:52:49,937 signals: Student added: Arnold Kidney (ID: 4)
INFO 2016-03-31 15:53:37,705 signals: Group added: MtM-1 None (ID: 1)
INFO 2016-03-31 15:53:37,714 signals: Group added: MtM-2 None (ID: 2)
INFO 2016-03-31 15:53:37,731 signals: Student added: Vitaliy Podoba (ID: 1)
INFO 2016-03-31 15:53:37,743 signals: Student added: John Dobson (ID: 2)
INFO 2016-03-31 15:53:37,761 signals: Student added: Sam Stefenson (ID: 3)
INFO 2016-03-31 15:53:37,773 signals: Student added: Arnold Kidney (ID: 4)
INFO 2016-03-31 15:55:21,179 signals: Group added: MtM-1 None (ID: 1)
INFO 2016-03-31 15:55:21,188 signals: Group added: MtM-2 None (ID: 2)
INFO 2016-03-31 15:55:21,201 signals: Student added: Vitaliy Podoba (ID: 1)
INFO 2016-03-31 15:55:21,222 signals: Student added: John Dobson (ID: 2)
INFO 2016-03-31 15:55:21,240 signals: Student added: Sam Stefenson (ID: 3)
INFO 2016-03-31 15:55:21,253 signals: Student added: Arnold Kidney (ID: 4)
INFO 2016-03-31 15:56:36,896 signals: Group added: MtM-1 None (ID: 1)
INFO 2016-03-31 15:56:36,904 signals: Group added: MtM-2 None (ID: 2)
INFO 2016-03-31 15:56:36,924 signals: Student added: Vitaliy Podoba (ID: 1)
INFO 2016-03-31 15:56:36,942 signals: Student added: John Dobson (ID: 2)
INFO 2016-03-31 15:56:36,954 signals: Student added: Sam Stefenson (ID: 3)
INFO 2016-03-31 15:56:36,969 signals: Student added: Arnold Kidney (ID: 4)
INFO 2016-03-31 15:57:45,057 signals: Group added: MtM-1 None (ID: 1)
INFO 2016-03-31 15:57:45,065 signals: Group added: MtM-2 None (ID: 2)
INFO 2016-03-31 15:57:45,078 signals: Student added: Vitaliy Podoba (ID: 1)
INFO 2016-03-31 15:57:45,093 signals: Student added: John Dobson (ID: 2)
INFO 2016-03-31 15:57:45,112 signals: Student added: Sam Stefenson (ID: 3)
INFO 2016-03-31 15:57:45,125 signals: Student added: Arnold Kidney (ID: 4)
INFO 2016-03-31 15:58:48,582 signals: Group added: MtM-1 None (ID: 1)
INFO 2016-03-31 15:58:48,592 signals: Group added: MtM-2 None (ID: 2)
INFO 2016-03-31 15:58:48,605 signals: Student added: Vitaliy Podoba (ID: 1)
INFO 2016-03-31 15:58:48,618 signals: Student added: John Dobson (ID: 2)
INFO 2016-03-31 15:58:48,634 signals: Student added: Sam Stefenson (ID: 3)
INFO 2016-03-31 15:58:48,648 signals: Student added: Arnold Kidney (ID: 4)
INFO 2016-03-31 15:59:36,191 signals: Group added: MtM-1 None (ID: 1)
INFO 2016-03-31 15:59:36,200 signals: Group added: MtM-2 None (ID: 2)
INFO 2016-03-31 15:59:36,221 signals: Student added: Vitaliy Podoba (ID: 1)
INFO 2016-03-31 15:59:36,234 signals: Student added: John Dobson (ID: 2)
INFO 2016-03-31 15:59:36,246 signals: Student added: Sam Stefenson (ID: 3)
INFO 2016-03-31 15:59:36,258 signals: Student added: Arnold Kidney (ID: 4)
INFO 2016-03-31 16:00:21,119 signals: Group added: MtM-1 None (ID: 1)
INFO 2016-03-31 16:00:21,128 signals: Group added: MtM-2 None (ID: 2)
INFO 2016-03-31 16:00:21,142 signals: Student added: Vitaliy Podoba (ID: 1)
INFO 2016-03-31 16:00:21,155 signals: Student added: John Dobson (ID: 2)
INFO 2016-03-31 16:00:21,168 signals: Student added: Sam Stefenson (ID: 3)
INFO 2016-03-31 16:00:21,181 signals: Student added: Arnold Kidney (ID: 4)
INFO 2016-03-31 16:01:37,833 signals: Group added: MtM-1 None (ID: 1)
INFO 2016-03-31 16:01:37,842 signals: Group added: MtM-2 None (ID: 2)
INFO 2016-03-31 16:01:37,857 signals: Student added: Vitaliy Podoba (ID: 1)
INFO 2016-03-31 16:01:37,871 signals: Student added: John Dobson (ID: 2)
INFO 2016-03-31 16:01:37,884 signals: Student added: Sam Stefenson (ID: 3)
INFO 2016-03-31 16:01:37,897 signals: Student added: Arnold Kidney (ID: 4)
INFO 2016-03-31 16:02:52,795 signals: Group added: MtM-1 None (ID: 1)
INFO 2016-03-31 16:02:52,804 signals: Group added: MtM-2 None (ID: 2)
INFO 2016-03-31 16:02:52,823 signals: Student added: Vitaliy Podoba (ID: 1)
INFO 2016-03-31 16:02:52,836 signals: Student added: John Dobson (ID: 2)
INFO 2016-03-31 16:02:52,849 signals: Student added: Sam Stefenson (ID: 3)
INFO 2016-03-31 16:02:52,861 signals: Student added: Arnold Kidney (ID: 4)
INFO 2016-03-31 16:05:24,702 signals: Group added: MtM-1 None (ID: 1)
INFO 2016-03-31 16:05:24,712 signals: Group added: MtM-2 None (ID: 2)
INFO 2016-03-31 16:05:24,724 signals: Student added: Vitaliy Podoba (ID: 1)
INFO 2016-03-31 16:05:24,737 signals: Student added: John Dobson (ID: 2)
INFO 2016-03-31 16:05:24,751 signals: Student added: Sam Stefenson (ID: 3)
INFO 2016-03-31 16:05:24,764 signals: Student added: Arnold Kidney (ID: 4)
INFO 2016-03-31 16:06:48,832 signals: Group added: MtM-1 None (ID: 1)
INFO 2016-03-31 16:06:48,844 signals: Group added: MtM-2 None (ID: 2)
INFO 2016-03-31 16:06:48,867 signals: Student added: Vitaliy Podoba (ID: 1)
INFO 2016-03-31 16:06:48,887 signals: Student added: John Dobson (ID: 2)
INFO 2016-03-31 16:06:48,900 signals: Student added: Sam Stefenson (ID: 3)
INFO 2016-03-31 16:06:48,923 signals: Student added: Arnold Kidney (ID: 4)
INFO 2016-03-31 16:13:01,111 signals: Group added: MtM-1 None (ID: 1)
INFO 2016-03-31 16:13:01,124 signals: Group added: MtM-2 None (ID: 2)
INFO 2016-03-31 16:13:01,140 signals: Student added: Vitaliy Podoba (ID: 1)
INFO 2016-03-31 16:13:01,156 signals: Student added: John Dobson (ID: 2)
INFO 2016-03-31 16:13:01,170 signals: Student added: Sam Stefenson (ID: 3)
INFO 2016-03-31 16:13:01,188 signals: Student added: Arnold Kidney (ID: 4)
INFO 2016-03-31 16:16:53,076 signals: Group added: MtM-1 None (ID: 1)
INFO 2016-03-31 16:16:53,085 signals: Group added: MtM-2 None (ID: 2)
INFO 2016-03-31 16:16:53,099 signals: Student added: Vitaliy Podoba (ID: 1)
INFO 2016-03-31 16:16:53,115 signals: Student added: John Dobson (ID: 2)
INFO 2016-03-31 16:16:53,130 signals: Student added: Sam Stefenson (ID: 3)
INFO 2016-03-31 16:16:53,142 signals: Student added: Arnold Kidney (ID: 4)
INFO 2016-03-31 16:19:24,120 signals: Group added: MtM-1 None (ID: 1)
INFO 2016-03-31 16:19:24,129 signals: Group added: MtM-2 None (ID: 2)
INFO 2016-03-31 16:19:24,142 signals: Student added: Vitaliy Podoba (ID: 1)
INFO 2016-03-31 16:19:24,156 signals: Student added: John Dobson (ID: 2)
INFO 2016-03-31 16:19:24,171 signals: Student added: Sam Stefenson (ID: 3)
INFO 2016-03-31 16:19:24,184 signals: Student added: Arnold Kidney (ID: 4)
INFO 2016-03-31 16:23:44,940 signals: Group added: MtM-1 None (ID: 1)
INFO 2016-03-31 16:23:44,958 signals: Group added: MtM-2 None (ID: 2)
INFO 2016-03-31 16:23:44,984 signals: Student added: Vitaliy Podoba (ID: 1)
INFO 2016-03-31 16:23:45,012 signals: Student added: John Dobson (ID: 2)
INFO 2016-03-31 16:23:45,036 signals: Student added: Sam Stefenson (ID: 3)
INFO 2016-03-31 16:23:45,054 signals: Student added: Arnold Kidney (ID: 4)
INFO 2016-03-31 16:24:45,641 signals: Group added: MtM-1 None (ID: 1)
INFO 2016-03-31 16:24:45,652 signals: Group added: MtM-2 None (ID: 2)
INFO 2016-03-31 16:24:45,667 signals: Student added: Vitaliy Podoba (ID: 1)
INFO 2016-03-31 16:24:45,691 signals: Student added: John Dobson (ID: 2)
INFO 2016-03-31 16:24:45,710 signals: Student added: Sam Stefenson (ID: 3)
INFO 2016-03-31 16:24:45,737 signals: Student added: Arnold Kidney (ID: 4)
INFO 2016-03-31 16:26:27,018 signals: Group added: MtM-1 None (ID: 1)
INFO 2016-03-31 16:26:27,027 signals: Group added: MtM-2 None (ID: 2)
INFO 2016-03-31 16:26:27,040 signals: Student added: Vitaliy Podoba (ID: 1)
INFO 2016-03-31 16:26:27,054 signals: Student added: John Dobson (ID: 2)
INFO 2016-03-31 16:26:27,066 signals: Student added: Sam Stefenson (ID: 3)
INFO 2016-03-31 16:26:27,077 signals: Student added: Arnold Kidney (ID: 4)
INFO 2016-03-31 16:27:25,910 signals: Group added: MtM-1 None (ID: 1)
INFO 2016-03-31 16:27:25,919 signals: Group added: MtM-2 None (ID: 2)
INFO 2016-03-31 16:27:25,937 signals: Student added: Vitaliy Podoba (ID: 1)
INFO 2016-03-31 16:27:25,951 signals: Student added: John Dobson (ID: 2)
INFO 2016-03-31 16:27:25,964 signals: Student added: Sam Stefenson (ID: 3)
INFO 2016-03-31 16:27:25,977 signals: Student added: Arnold Kidney (ID: 4)
INFO 2016-03-31 16:29:31,506 signals: Group added: MtM-1 None (ID: 1)
INFO 2016-03-31 16:29:31,517 signals: Group added: MtM-2 None (ID: 2)
INFO 2016-03-31 16:29:31,535 signals: Student added: Vitaliy Podoba (ID: 1)
INFO 2016-03-31 16:29:31,548 signals: Student added: John Dobson (ID: 2)
INFO 2016-03-31 16:29:31,563 signals: Student added: Sam Stefenson (ID: 3)
INFO 2016-03-31 16:29:31,577 signals: Student added: Arnold Kidney (ID: 4)
INFO 2016-03-31 16:30:19,188 signals: Group added: MtM-1 None (ID: 1)
INFO 2016-03-31 16:30:19,196 signals: Group added: MtM-2 None (ID: 2)
INFO 2016-03-31 16:30:19,211 signals: Student added: Vitaliy Podoba (ID: 1)
INFO 2016-03-31 16:30:19,234 signals: Student added: John Dobson (ID: 2)
INFO 2016-03-31 16:30:19,248 signals: Student added: Sam Stefenson (ID: 3)
INFO 2016-03-31 16:30:19,263 signals: Student added: Arnold Kidney (ID: 4)
INFO 2016-03-31 16:31:09,845 signals: Group added: MtM-1 None (ID: 1)
INFO 2016-03-31 16:31:09,855 signals: Group added: MtM-2 None (ID: 2)
INFO 2016-03-31 16:31:09,869 signals: Student added: Vitaliy Podoba (ID: 1)
INFO 2016-03-31 16:31:09,882 signals: Student added: John Dobson (ID: 2)
INFO 2016-03-31 16:31:09,896 signals: Student added: Sam Stefenson (ID: 3)
INFO 2016-03-31 16:31:09,909 signals: Student added: Arnold Kidney (ID: 4)
INFO 2016-03-31 16:33:32,537 signals: Group added: MtM-1 None (ID: 1)
INFO 2016-03-31 16:33:32,549 signals: Group added: MtM-2 None (ID: 2)
INFO 2016-03-31 16:33:32,578 signals: Student added: Vitaliy Podoba (ID: 1)
INFO 2016-03-31 16:33:32,598 signals: Student added: John Dobson (ID: 2)
INFO 2016-03-31 16:33:32,614 signals: Student added: Sam Stefenson (ID: 3)
INFO 2016-03-31 16:33:32,635 signals: Student added: Arnold Kidney (ID: 4)
INFO 2016-04-03 14:27:57,853 signals: Student added: Vitaliy Podoba (ID: 1)
INFO 2016-04-03 14:27:57,897 signals: Student added: Student1 Last Name 1 (ID: 2)
INFO 2016-04-03 14:27:57,904 signals: Student added: Student2 Last Name 2 (ID: 3)
INFO 2016-04-03 14:27:57,912 signals: Student added: Student3 Last Name 3 (ID: 4)
INFO 2016-04-03 14:27:57,926 signals: Group added: Group1 Vitaliy Podoba (ID: 1)
INFO 2016-04-03 14:27:57,933 signals: Group added: Group2 None (ID: 2)
INFO 2016-04-03 14:31:57,526 signals: Student added: Vitaliy Podoba (ID: 1)
INFO 2016-04-03 14:31:57,533 signals: Student added: Student1 Last Name 1 (ID: 2)
INFO 2016-04-03 14:31:57,540 signals: Student added: Student2 Last Name 2 (ID: 3)
INFO 2016-04-03 14:31:57,548 signals: Student added: Student3 Last Name 3 (ID: 4)
INFO 2016-04-03 14:31:57,571 signals: Group added: Group1 Vitaliy Podoba (ID: 1)
INFO 2016-04-03 14:31:57,578 signals: Group added: Group2 None (ID: 2)
INFO 2016-04-03 14:41:53,928 signals: Student added: Vitaliy Podoba (ID: 1)
INFO 2016-04-03 14:41:53,936 signals: Student added: Student1 Last Name 1 (ID: 2)
INFO 2016-04-03 14:41:53,944 signals: Student added: Student2 Last Name 2 (ID: 3)
INFO 2016-04-03 14:41:53,952 signals: Student added: Student3 Last Name 3 (ID: 4)
INFO 2016-04-03 14:41:53,965 signals: Group added: Group1 Vitaliy Podoba (ID: 1)
INFO 2016-04-03 14:41:53,971 signals: Group added: Group2 None (ID: 2)
INFO 2016-04-03 14:47:06,997 signals: Student added: Vitaliy Podoba (ID: 1)
INFO 2016-04-03 14:47:07,018 signals: Student added: Student1 Last Name 1 (ID: 2)
INFO 2016-04-03 14:47:07,047 signals: Student added: Student2 Last Name 2 (ID: 3)
INFO 2016-04-03 14:47:07,065 signals: Student added: Student3 Last Name 3 (ID: 4)
INFO 2016-04-03 14:47:07,096 signals: Group added: Group1 Vitaliy Podoba (ID: 1)
INFO 2016-04-03 14:47:07,103 signals: Group added: Group2 None (ID: 2)
INFO 2016-04-03 19:08:31,604 signals: Student added: Vitaliy Podoba (ID: 1)
INFO 2016-04-03 19:08:31,642 signals: Student added: Student1 Last Name 1 (ID: 2)
INFO 2016-04-03 19:08:31,650 signals: Student added: Student2 Last Name 2 (ID: 3)
INFO 2016-04-03 19:08:31,658 signals: Student added: Student3 Last Name 3 (ID: 4)
INFO 2016-04-03 19:08:31,671 signals: Group added: Group1 Vitaliy Podoba (ID: 1)
INFO 2016-04-03 19:08:31,677 signals: Group added: Group2 None (ID: 2)
INFO 2016-04-04 19:51:41,908 signals: Student added: Vitaliy Podoba (ID: 1)
INFO 2016-04-04 19:51:41,956 signals: Student added: Student1 Last Name 1 (ID: 2)
INFO 2016-04-04 19:51:41,985 signals: Student added: Student2 Last Name 2 (ID: 3)
INFO 2016-04-04 19:51:42,009 signals: Student added: Student3 Last Name 3 (ID: 4)
INFO 2016-04-04 19:51:42,057 signals: Group added: Group1 Vitaliy Podoba (ID: 1)
INFO 2016-04-04 19:51:42,075 signals: Group added: Group2 None (ID: 2)
INFO 2016-04-04 19:51:48,630 signals: Student updated: Updated Name Updated Name (ID: 1)
INFO 2016-04-04 20:16:00,621 signals: Student added: Vitaliy Podoba (ID: 1)
INFO 2016-04-04 20:16:00,629 signals: Student added: Student1 Last Name 1 (ID: 2)
INFO 2016-04-04 20:16:00,638 signals: Student added: Student2 Last Name 2 (ID: 3)
INFO 2016-04-04 20:16:00,653 signals: Student added: Student3 Last Name 3 (ID: 4)
INFO 2016-04-04 20:16:00,686 signals: Group added: Group1 Vitaliy Podoba (ID: 1)
INFO 2016-04-04 20:16:00,694 signals: Group added: Group2 None (ID: 2)
INFO 2016-04-04 20:30:29,649 signals: Student added: Vitaliy Podoba (ID: 1)
INFO 2016-04-04 20:30:29,657 signals: Student added: Student1 Last Name 1 (ID: 2)
INFO 2016-04-04 20:30:29,664 signals: Student added: Student2 Last Name 2 (ID: 3)
INFO 2016-04-04 20:30:29,672 signals: Student added: Student3 Last Name 3 (ID: 4)
INFO 2016-04-04 20:30:29,689 signals: Group added: Group1 Vitaliy Podoba (ID: 1)
INFO 2016-04-04 20:30:29,698 signals: Group added: Group2 None (ID: 2)
INFO 2016-04-04 20:31:28,938 signals: Student added: Vitaliy Podoba (ID: 1)
INFO 2016-04-04 20:31:28,947 signals: Student added: Student1 Last Name 1 (ID: 2)
INFO 2016-04-04 20:31:28,958 signals: Student added: Student2 Last Name 2 (ID: 3)
INFO 2016-04-04 20:31:28,971 signals: Student added: Student3 Last Name 3 (ID: 4)
INFO 2016-04-04 20:31:28,988 signals: Group added: Group1 Vitaliy Podoba (ID: 1)
INFO 2016-04-04 20:31:28,994 signals: Group added: Group2 None (ID: 2)
INFO 2016-04-04 20:50:10,085 signals: Student added: Demo Student (ID: 1)
INFO 2016-04-04 20:51:12,643 signals: Student added: Demo Student (ID: 1)
INFO 2016-04-04 20:51:12,648 signals: Student updated: Demo Student (ID: 1)
INFO 2016-04-04 20:58:29,660 signals: Student added: Vitaliy Podoba (ID: 1)
INFO 2016-04-04 20:58:29,668 signals: Student added: Student1 Last Name 1 (ID: 2)
INFO 2016-04-04 20:58:29,677 signals: Student added: Student2 Last Name 2 (ID: 3)
INFO 2016-04-04 20:58:29,685 signals: Student added: Student3 Last Name 3 (ID: 4)
INFO 2016-04-04 20:58:29,698 signals: Group added: Group1 Vitaliy Podoba (ID: 1)
INFO 2016-04-04 20:58:29,705 signals: Group added: Group2 None (ID: 2)
INFO 2016-04-04 21:40:30,276 signals: Student added: Vitaliy Podoba (ID: 1)
INFO 2016-04-04 21:40:30,326 signals: Student added: Student1 Last Name 1 (ID: 2)
INFO 2016-04-04 21:40:30,334 signals: Student added: Student2 Last Name 2 (ID: 3)
INFO 2016-04-04 21:40:30,342 signals: Student added: Student3 Last Name 3 (ID: 4)
INFO 2016-04-04 21:40:30,357 signals: Group added: Group1 Vitaliy Podoba (ID: 1)
INFO 2016-04-04 21:40:30,366 signals: Group added: Group2 None (ID: 2)
INFO 2016-04-04 21:40:33,241 signals: Student updated: Updated Name Updated Name (ID: 1)
INFO 2016-04-04 21:40:33,539 signals: Student added: Vitaliy Podoba (ID: 1)
INFO 2016-04-04 21:40:33,552 signals: Student added: Student1 Last Name 1 (ID: 2)
INFO 2016-04-04 21:40:33,561 signals: Student added: Student2 Last Name 2 (ID: 3)
INFO 2016-04-04 21:40:33,567 signals: Student added: Student3 Last Name 3 (ID: 4)
INFO 2016-04-04 21:40:33,593 signals: Group added: Group1 Vitaliy Podoba (ID: 1)
INFO 2016-04-04 21:40:33,599 signals: Group added: Group2 None (ID: 2)
INFO 2016-04-04 21:40:34,393 signals: Group added: MtM-1 None (ID: 3)
INFO 2016-04-04 21:40:34,401 signals: Group added: MtM-2 None (ID: 4)
INFO 2016-04-04 21:40:34,417 signals: Student added: Vitaliy Podoba (ID: 5)
INFO 2016-04-04 21:40:34,435 signals: Student added: John Dobson (ID: 6)
INFO 2016-04-04 21:40:34,448 signals: Student added: Sam Stefenson (ID: 7)
INFO 2016-04-04 21:40:34,460 signals: Student added: Arnold Kidney (ID: 8)
INFO 2016-04-04 21:40:34,673 signals: Group added: MtM-1 None (ID: 5)
INFO 2016-04-04 21:40:34,683 signals: Group added: MtM-2 None (ID: 6)
INFO 2016-04-04 21:40:34,710 signals: Student added: Vitaliy Podoba (ID: 9)
INFO 2016-04-04 21:40:34,722 signals: Student added: John Dobson (ID: 10)
INFO 2016-04-04 21:40:34,736 signals: Student added: Sam Stefenson (ID: 11)
INFO 2016-04-04 21:40:34,755 signals: Student added: Arnold Kidney (ID: 12)
INFO 2016-04-04 21:40:35,165 signals: Group added: MtM-1 None (ID: 7)
INFO 2016-04-04 21:40:35,173 signals: Group added: MtM-2 None (ID: 8)
INFO 2016-04-04 21:40:35,191 signals: Student added: Vitaliy Podoba (ID: 13)
INFO 2016-04-04 21:40:35,206 signals: Student added: John Dobson (ID: 14)
INFO 2016-04-04 21:40:35,220 signals: Student added: Sam Stefenson (ID: 15)
INFO 2016-04-04 21:40:35,233 signals: Student added: Arnold Kidney (ID: 16)
INFO 2016-04-04 21:40:35,465 signals: Student added: Demo Student (ID: 17)
INFO 2016-04-04 21:40:35,470 signals: Student updated: Demo Student (ID: 17)
INFO 2016-04-04 21:40:35,552 signals: Student added: Vitaliy Podoba (ID: 1)
INFO 2016-04-04 21:40:35,559 signals: Student added: Student1 Last Name 1 (ID: 2)
INFO 2016-04-04 21:40:35,566 signals: Student added: Student2 Last Name 2 (ID: 3)
INFO 2016-04-04 21:40:35,578 signals: Student added: Student3 Last Name 3 (ID: 4)
INFO 2016-04-04 21:40:35,602 signals: Group added: Group1 Vitaliy Podoba (ID: 1)
INFO 2016-04-04 21:40:35,608 signals: Group added: Group2 None (ID: 2)
INFO 2016-04-04 21:40:35,816 signals: Group added: Group1 None (ID: 1)
INFO 2016-04-04 21:40:35,931 signals: Student added: Vitaliy Podoba (ID: 1)
INFO 2016-04-04 21:40:35,938 signals: Student added: Student1 Last Name 1 (ID: 2)
INFO 2016-04-04 21:40:35,954 signals: Student added: Student2 Last Name 2 (ID: 3)
INFO 2016-04-04 21:40:35,961 signals: Student added: Student3 Last Name 3 (ID: 4)
INFO 2016-04-04 21:40:36,030 signals: Group added: Group1 Vitaliy Podoba (ID: 1)
INFO 2016-04-04 21:40:36,037 signals: Group added: Group2 None (ID: 2)
INFO 2016-04-04 21:41:25,786 signals: Student added: Vitaliy Podoba (ID: 1)
INFO 2016-04-04 21:41:25,796 signals: Student added: Student1 Last Name 1 (ID: 2)
INFO 2016-04-04 21:41:25,805 signals: Student added: Student2 Last Name 2 (ID: 3)
INFO 2016-04-04 21:41:25,815 signals: Student added: Student3 Last Name 3 (ID: 4)
INFO 2016-04-04 21:41:25,841 signals: Group added: Group1 Vitaliy Podoba (ID: 1)
INFO 2016-04-04 21:41:25,853 signals: Group added: Group2 None (ID: 2)
INFO 2016-04-04 21:41:28,710 signals: Student updated: Updated Name Updated Name (ID: 1)
INFO 2016-04-04 21:41:29,071 signals: Student added: Vitaliy Podoba (ID: 1)
INFO 2016-04-04 21:41:29,082 signals: Student added: Student1 Last Name 1 (ID: 2)
INFO 2016-04-04 21:41:29,097 signals: Student added: Student2 Last Name 2 (ID: 3)
INFO 2016-04-04 21:41:29,111 signals: Student added: Student3 Last Name 3 (ID: 4)
INFO 2016-04-04 21:41:29,127 signals: Group added: Group1 Vitaliy Podoba (ID: 1)
INFO 2016-04-04 21:41:29,135 signals: Group added: Group2 None (ID: 2)
INFO 2016-04-04 21:41:30,329 signals: Group added: MtM-1 None (ID: 3)
INFO 2016-04-04 21:41:30,342 signals: Group added: MtM-2 None (ID: 4)
INFO 2016-04-04 21:41:30,383 signals: Student added: Vitaliy Podoba (ID: 5)
INFO 2016-04-04 21:41:30,401 signals: Student added: John Dobson (ID: 6)
INFO 2016-04-04 21:41:30,433 signals: Student added: Sam Stefenson (ID: 7)
INFO 2016-04-04 21:41:30,454 signals: Student added: Arnold Kidney (ID: 8)
INFO 2016-04-04 21:41:31,140 signals: Group added: MtM-1 None (ID: 5)
INFO 2016-04-04 21:41:31,172 signals: Group added: MtM-2 None (ID: 6)
INFO 2016-04-04 21:41:31,191 signals: Student added: Vitaliy Podoba (ID: 9)
INFO 2016-04-04 21:41:31,210 signals: Student added: John Dobson (ID: 10)
INFO 2016-04-04 21:41:31,237 signals: Student added: Sam Stefenson (ID: 11)
INFO 2016-04-04 21:41:31,265 signals: Student added: Arnold Kidney (ID: 12)
INFO 2016-04-04 21:41:31,641 signals: Group added: MtM-1 None (ID: 7)
INFO 2016-04-04 21:41:31,653 signals: Group added: MtM-2 None (ID: 8)
INFO 2016-04-04 21:41:31,685 signals: Student added: Vitaliy Podoba (ID: 13)
INFO 2016-04-04 21:41:31,713 signals: Student added: John Dobson (ID: 14)
INFO 2016-04-04 21:41:31,742 signals: Student added: Sam Stefenson (ID: 15)
INFO 2016-04-04 21:41:31,761 signals: Student added: Arnold Kidney (ID: 16)
INFO 2016-04-04 21:41:32,100 signals: Student added: Demo Student (ID: 17)
INFO 2016-04-04 21:41:32,109 signals: Student updated: Demo Student (ID: 17)
INFO 2016-04-04 21:41:32,204 signals: Student added: Vitaliy Podoba (ID: 1)
INFO 2016-04-04 21:41:32,218 signals: Student added: Student1 Last Name 1 (ID: 2)
INFO 2016-04-04 21:41:32,229 signals: Student added: Student2 Last Name 2 (ID: 3)
INFO 2016-04-04 21:41:32,239 signals: Student added: Student3 Last Name 3 (ID: 4)
INFO 2016-04-04 21:41:32,268 signals: Group added: Group1 Vitaliy Podoba (ID: 1)
INFO 2016-04-04 21:41:32,281 signals: Group added: Group2 None (ID: 2)
INFO 2016-04-04 21:41:32,431 signals: Group added: Group1 None (ID: 1)
INFO 2016-04-04 21:41:32,581 signals: Student added: Vitaliy Podoba (ID: 1)
INFO 2016-04-04 21:41:32,612 signals: Student added: Student1 Last Name 1 (ID: 2)
INFO 2016-04-04 21:41:32,635 signals: Student added: Student2 Last Name 2 (ID: 3)
INFO 2016-04-04 21:41:32,648 signals: Student added: Student3 Last Name 3 (ID: 4)
INFO 2016-04-04 21:41:32,677 signals: Group added: Group1 Vitaliy Podoba (ID: 1)
INFO 2016-04-04 21:41:32,694 signals: Group added: Group2 None (ID: 2)
